<?xml version="1.0" encoding="UTF-8"?>
<testsuite xmlns:xsi="http://www.w3.org/2001/XMLSchema-instance" xsi:noNamespaceSchemaLocation="https://maven.apache.org/surefire/maven-surefire-plugin/xsd/surefire-test-report.xsd" name="bestBuy.ParallelRunner" time="12.958" tests="1" errors="0" skipped="0" failures="1">
  <properties>
[...]
</properties>
  <testcase name="executeKarateTests" classname="bestBuy.ParallelRunner" time="12.929">
    <failure message="match failed: EQUALS&#10;  $ | not equal (STRING:STRING)&#10;  &apos;BadRequest&apos;&#10;  &apos;IPhone&apos;&#10;&#10;classpath:bestBuy/product/productApiTest.feature:103&#10;match failed: EQUALS&#10;  $ | not equal (STRING:STRING)&#10;  &apos;BadRequest&apos;&#10;  &apos;IPhone&apos;&#10;&#10;classpath:bestBuy/product/productApiTest.feature:129&#10;match failed: EQUALS&#10;  $ | not equal (STRING:STRING)&#10;  &apos;BadRequest&apos;&#10;  &apos;IPhone&apos;&#10;&#10;classpath:bestBuy/product/productApiTest.feature:152 ==&gt; expected: &lt;0&gt; but was: &lt;3&gt;" type="org.opentest4j.AssertionFailedError"><![CDATA[org.opentest4j.AssertionFailedError: 
match failed: EQUALS
  $ | not equal (STRING:STRING)
  'BadRequest'
  'IPhone'

classpath:bestBuy/product/productApiTest.feature:103
match failed: EQUALS
  $ | not equal (STRING:STRING)
  'BadRequest'
  'IPhone'

classpath:bestBuy/product/productApiTest.feature:129
match failed: EQUALS
  $ | not equal (STRING:STRING)
  'BadRequest'
  'IPhone'

classpath:bestBuy/product/productApiTest.feature:152 ==> expected: <0> but was: <3>
	at bestBuy.ParallelRunner.executeKarateTests(ParallelRunner.java:15)
]]></failure>
    <system-out><![CDATA[09:59:31.742 [main] DEBUG com.intuit.karate.Suite - [config] classpath:karate-config.js
09:59:31.758 [main] INFO  com.intuit.karate.Suite - backed up existing 'target\karate-reports' dir to: target\karate-reports_1630643371755
09:59:34.869 [pool-1-thread-5] INFO  com.intuit.karate - karate.env system property was: null 
09:59:34.869 [pool-1-thread-1] INFO  com.intuit.karate - karate.env system property was: null 
09:59:34.869 [pool-1-thread-4] INFO  com.intuit.karate - karate.env system property was: null 
09:59:34.869 [pool-1-thread-3] INFO  com.intuit.karate - karate.env system property was: null 
09:59:34.869 [pool-1-thread-2] INFO  com.intuit.karate - karate.env system property was: null 
09:59:34.869 [pool-2-thread-1] INFO  com.intuit.karate - karate.env system property was: null 
09:59:35.309 [pool-2-thread-1] INFO  com.intuit.karate - karate.env system property was: null 
09:59:36.674 [pool-1-thread-1] DEBUG com.intuit.karate - request:
1 > GET http://localhost:3030/products
1 > Host: localhost:3030
1 > Connection: Keep-Alive
1 > User-Agent: Apache-HttpClient/4.5.13 (Java/1.8.0_261)
1 > Accept-Encoding: gzip,deflate


09:59:36.674 [pool-1-thread-2] DEBUG com.intuit.karate - request:
1 > GET http://localhost:3030/products?%24limit=4
1 > Host: localhost:3030
1 > Connection: Keep-Alive
1 > User-Agent: Apache-HttpClient/4.5.13 (Java/1.8.0_261)
1 > Accept-Encoding: gzip,deflate


09:59:36.674 [pool-1-thread-3] DEBUG com.intuit.karate - request:
1 > GET http://localhost:3030/products/43900
1 > Host: localhost:3030
1 > Connection: Keep-Alive
1 > User-Agent: Apache-HttpClient/4.5.13 (Java/1.8.0_261)
1 > Accept-Encoding: gzip,deflate


09:59:36.675 [pool-1-thread-4] DEBUG com.intuit.karate - request:
1 > POST http://localhost:3030/products
1 > Content-Type: application/json; charset=UTF-8
1 > Content-Length: 197
1 > Host: localhost:3030
1 > Connection: Keep-Alive
1 > User-Agent: Apache-HttpClient/4.5.13 (Java/1.8.0_261)
1 > Accept-Encoding: gzip,deflate
{"name":"Samsung Mobile","type":"Mobile","price":3000,"shipping":50,"upc":"Best","description":"Samsung Mobile 53","manufacturer":"Samsung","model":"S53","url":"https:\/\/abc.com","image":"string"}

09:59:36.675 [pool-1-thread-5] DEBUG com.intuit.karate - request:
1 > POST http://localhost:3030/products
1 > Content-Type: application/json; charset=UTF-8
1 > Content-Length: 189
1 > Host: localhost:3030
1 > Connection: Keep-Alive
1 > User-Agent: Apache-HttpClient/4.5.13 (Java/1.8.0_261)
1 > Accept-Encoding: gzip,deflate
{"name":"Iphone","type":"Mobile","price":3000,"shipping":50,"upc":"Best","description":"Samsung Mobile 53","manufacturer":"Samsung","model":"S53","url":"https:\/\/abc.com","image":"string"}

09:59:36.829 [pool-1-thread-4] DEBUG com.intuit.karate - response time in milliseconds: 150
1 < 201
1 < X-Powered-By: Express
1 < Access-Control-Allow-Origin: *
1 < Allow: GET,POST,PUT,PATCH,DELETE
1 < Vary: Accept, Accept-Encoding
1 < Content-Type: application/json; charset=utf-8
1 < Content-Length: 286
1 < ETag: W/"11e-TbcTm9eLeTkMt/73W/xXjyia7os"
1 < Date: Fri, 03 Sep 2021 04:29:36 GMT
1 < Connection: keep-alive
{"id":9999958,"name":"Samsung Mobile","type":"Mobile","price":3000,"shipping":50,"upc":"Best","description":"Samsung Mobile 53","manufacturer":"Samsung","model":"S53","url":"https://abc.com","image":"string","updatedAt":"2021-09-03T04:29:36.767Z","createdAt":"2021-09-03T04:29:36.767Z"}
09:59:36.886 [pool-1-thread-4] INFO  com.intuit.karate - karate.env system property was: null 
09:59:36.912 [pool-1-thread-4] DEBUG com.intuit.karate - request:
1 > POST http://localhost:3030/products
1 > Content-Type: application/json; charset=UTF-8
1 > Content-Length: 189
1 > Host: localhost:3030
1 > Connection: Keep-Alive
1 > User-Agent: Apache-HttpClient/4.5.13 (Java/1.8.0_261)
1 > Accept-Encoding: gzip,deflate
{"name":"Iphone","type":"Mobile","price":3000,"shipping":50,"upc":"Best","description":"Samsung Mobile 53","manufacturer":"Samsung","model":"S53","url":"https:\/\/abc.com","image":"string"}

09:59:39.549 [pool-1-thread-3] DEBUG com.intuit.karate - response time in milliseconds: 2875
1 < 200
1 < X-Powered-By: Express
1 < Access-Control-Allow-Origin: *
1 < Allow: GET,POST,PUT,PATCH,DELETE
1 < Vary: Accept, Accept-Encoding
1 < Content-Type: application/json; charset=utf-8
1 < ETag: W/"448-HK+7FOWwXWiupzaUDo7jVkmRXqo"
1 < Date: Fri, 03 Sep 2021 04:29:36 GMT
1 < Connection: keep-alive
1 < Transfer-Encoding: chunked
{"id":43900,"name":"Duracell - AAA Batteries (4-Pack)","type":"HardGood","price":5.49,"upc":"041333424019","shipping":0,"description":"Compatible with select electronic devices; AAA size; DURALOCK Power Preserve technology; 4-pack","manufacturer":"Duracell","model":"MN2400B4Z","url":"http://www.bestbuy.com/site/duracell-aaa-batteries-4-pack/43900.p?id=1051384074145&skuId=43900&cmp=RMXCC","image":"http://img.bbystatic.com/BestBuy_US/images/products/4390/43900_sa.jpg","createdAt":"2016-11-17T17:58:03.298Z","updatedAt":"2016-11-17T17:58:03.298Z","categories":[{"id":"abcat0208002","name":"Alkaline Batteries","createdAt":"2016-11-17T17:57:04.285Z","updatedAt":"2016-11-17T17:57:04.285Z"},{"id":"pcmcat248700050021","name":"Housewares","createdAt":"2016-11-17T17:57:05.399Z","updatedAt":"2016-11-17T17:57:05.399Z"},{"id":"pcmcat303600050001","name":"Household Batteries","createdAt":"2016-11-17T17:57:04.285Z","updatedAt":"2016-11-17T17:57:04.285Z"},{"id":"pcmcat312300050015","name":"Connected Home & Housewares","createdAt":"2016-11-17T17:57:04.285Z","updatedAt":"2016-11-17T17:57:04.285Z"}]}
09:59:39.587 [pool-1-thread-3] INFO  com.intuit.karate - karate.env system property was: null 
09:59:39.604 [pool-1-thread-3] DEBUG com.intuit.karate - request:
1 > POST http://localhost:3030/products
1 > Content-Type: application/json; charset=UTF-8
1 > Content-Length: 196
1 > Host: localhost:3030
1 > Connection: Keep-Alive
1 > User-Agent: Apache-HttpClient/4.5.13 (Java/1.8.0_261)
1 > Accept-Encoding: gzip,deflate
{"name":"Samsung Mobile","type":"Mobile","price":3000,"shipping":50,"upc":"ABC","description":"Samsung Mobile 53","manufacturer":"Samsung","model":"S53","url":"https:\/\/abc.com","image":"string"}

09:59:39.615 [pool-1-thread-5] DEBUG com.intuit.karate - response time in milliseconds: 2940
1 < 201
1 < X-Powered-By: Express
1 < Access-Control-Allow-Origin: *
1 < Allow: GET,POST,PUT,PATCH,DELETE
1 < Vary: Accept, Accept-Encoding
1 < Content-Type: application/json; charset=utf-8
1 < Content-Length: 278
1 < ETag: W/"116-uLL94u8uS3/j+365u3w8M5JPbFA"
1 < Date: Fri, 03 Sep 2021 04:29:39 GMT
1 < Connection: keep-alive
{"id":9999959,"name":"Iphone","type":"Mobile","price":3000,"shipping":50,"upc":"Best","description":"Samsung Mobile 53","manufacturer":"Samsung","model":"S53","url":"https://abc.com","image":"string","updatedAt":"2021-09-03T04:29:36.778Z","createdAt":"2021-09-03T04:29:36.778Z"}
09:59:39.642 [pool-1-thread-5] INFO  com.intuit.karate - karate.env system property was: null 
09:59:39.662 [pool-1-thread-5] DEBUG com.intuit.karate - request:
1 > POST http://localhost:3030/products
1 > Content-Type: application/json; charset=UTF-8
1 > Content-Length: 216
1 > Host: localhost:3030
1 > Connection: Keep-Alive
1 > User-Agent: Apache-HttpClient/4.5.13 (Java/1.8.0_261)
1 > Accept-Encoding: gzip,deflate
{"name":"IPhone","type":"Mobile","price":3000,"shipping":50,"upc":"dhsfjsdgf sdgfhsgdf kdsgfdshsdf","description":"Samsung Mobile 53","manufacturer":"Samsung","model":"S53","url":"https:\/\/abc.com","image":"string"}

09:59:39.665 [pool-1-thread-4] DEBUG com.intuit.karate - response time in milliseconds: 2753
1 < 201
1 < X-Powered-By: Express
1 < Access-Control-Allow-Origin: *
1 < Allow: GET,POST,PUT,PATCH,DELETE
1 < Vary: Accept, Accept-Encoding
1 < Content-Type: application/json; charset=utf-8
1 < Content-Length: 278
1 < ETag: W/"116-CyOQJSXbbJpSU/Wrv+VL7LMOtts"
1 < Date: Fri, 03 Sep 2021 04:29:39 GMT
1 < Connection: keep-alive
{"id":9999960,"name":"Iphone","type":"Mobile","price":3000,"shipping":50,"upc":"Best","description":"Samsung Mobile 53","manufacturer":"Samsung","model":"S53","url":"https://abc.com","image":"string","updatedAt":"2021-09-03T04:29:39.545Z","createdAt":"2021-09-03T04:29:39.545Z"}
09:59:39.723 [pool-1-thread-5] DEBUG com.intuit.karate - response time in milliseconds: 60
1 < 400
1 < X-Powered-By: Express
1 < Access-Control-Allow-Origin: *
1 < Allow: GET,POST,PUT,PATCH,DELETE
1 < Content-Type: application/json; charset=utf-8
1 < Content-Length: 158
1 < ETag: W/"9e-YVgvNVa8nKanMADz5xfoFqZZN3w"
1 < Vary: Accept-Encoding
1 < Date: Fri, 03 Sep 2021 04:29:39 GMT
1 < Connection: keep-alive
{"name":"BadRequest","message":"Invalid Parameters","code":400,"className":"bad-request","data":{},"errors":["'upc' should NOT be longer than 15 characters"]}
09:59:39.728 [pool-1-thread-4] DEBUG com.intuit.karate - request:
2 > GET http://localhost:3030/products/9999960
2 > Host: localhost:3030
2 > Connection: Keep-Alive
2 > User-Agent: Apache-HttpClient/4.5.13 (Java/1.8.0_261)
2 > Accept-Encoding: gzip,deflate


09:59:39.731 [pool-1-thread-3] DEBUG com.intuit.karate - response time in milliseconds: 125
1 < 201
1 < X-Powered-By: Express
1 < Access-Control-Allow-Origin: *
1 < Allow: GET,POST,PUT,PATCH,DELETE
1 < Vary: Accept, Accept-Encoding
1 < Content-Type: application/json; charset=utf-8
1 < Content-Length: 285
1 < ETag: W/"11d-qixxK/B49DWIXKSHEP0MIF+UvJY"
1 < Date: Fri, 03 Sep 2021 04:29:39 GMT
1 < Connection: keep-alive
{"id":9999961,"name":"Samsung Mobile","type":"Mobile","price":3000,"shipping":50,"upc":"ABC","description":"Samsung Mobile 53","manufacturer":"Samsung","model":"S53","url":"https://abc.com","image":"string","updatedAt":"2021-09-03T04:29:39.641Z","createdAt":"2021-09-03T04:29:39.641Z"}
09:59:39.731 [pool-1-thread-5] ERROR com.intuit.karate - classpath:bestBuy/product/productApiTest.feature:103
Then match response.name == "IPhone"
match failed: EQUALS
  $ | not equal (STRING:STRING)
  'BadRequest'
  'IPhone'

classpath:bestBuy/product/productApiTest.feature:103
09:59:39.744 [pool-1-thread-5] INFO  com.intuit.karate - karate.env system property was: null 
09:59:39.750 [pool-1-thread-3] INFO  com.intuit.karate - karate.env system property was: null 
09:59:39.753 [pool-1-thread-3] DEBUG c.intuit.karate.core.ScenarioEngine - over-writing existing variable 'testData' with new value: read("../testData/testData.csv")
09:59:39.755 [pool-1-thread-5] DEBUG com.intuit.karate - request:
1 > POST http://localhost:3030/products
1 > Content-Type: application/json; charset=UTF-8
1 > Content-Length: 188
1 > Host: localhost:3030
1 > Connection: Keep-Alive
1 > User-Agent: Apache-HttpClient/4.5.13 (Java/1.8.0_261)
1 > Accept-Encoding: gzip,deflate
{"name":"Iphone","type":"Mobile","price":3000,"shipping":50,"upc":"BCD","description":"Samsung Mobile 53","manufacturer":"Samsung","model":"S53","url":"https:\/\/abc.com","image":"string"}

09:59:39.764 [pool-1-thread-3] DEBUG com.intuit.karate - request:
1 > POST http://localhost:3030/products
1 > Content-Type: application/json; charset=UTF-8
1 > Content-Length: 196
1 > Host: localhost:3030
1 > Connection: Keep-Alive
1 > User-Agent: Apache-HttpClient/4.5.13 (Java/1.8.0_261)
1 > Accept-Encoding: gzip,deflate
{"name":"Samsung Mobile","type":"Mobile","price":3000,"shipping":50,"upc":"ABC","description":"Samsung Mobile 53","manufacturer":"Samsung","model":"S53","url":"https:\/\/abc.com","image":"string"}

09:59:39.821 [pool-1-thread-2] DEBUG com.intuit.karate - response time in milliseconds: 3146
1 < 200
1 < X-Powered-By: Express
1 < Access-Control-Allow-Origin: *
1 < Allow: GET,POST,PUT,PATCH,DELETE
1 < Vary: Accept, Accept-Encoding
1 < Content-Type: application/json; charset=utf-8
1 < ETag: W/"115e-c9FK4N+AUvL6CzcycMkLE0IhPZs"
1 < Date: Fri, 03 Sep 2021 04:29:39 GMT
1 < Connection: keep-alive
1 < Transfer-Encoding: chunked
{"total":52230,"limit":4,"skip":0,"data":[{"id":43900,"name":"Duracell - AAA Batteries (4-Pack)","type":"HardGood","price":5.49,"upc":"041333424019","shipping":0,"description":"Compatible with select electronic devices; AAA size; DURALOCK Power Preserve technology; 4-pack","manufacturer":"Duracell","model":"MN2400B4Z","url":"http://www.bestbuy.com/site/duracell-aaa-batteries-4-pack/43900.p?id=1051384074145&skuId=43900&cmp=RMXCC","image":"http://img.bbystatic.com/BestBuy_US/images/products/4390/43900_sa.jpg","createdAt":"2016-11-17T17:58:03.298Z","updatedAt":"2016-11-17T17:58:03.298Z","categories":[{"id":"abcat0208002","name":"Alkaline Batteries","createdAt":"2016-11-17T17:57:04.285Z","updatedAt":"2016-11-17T17:57:04.285Z"},{"id":"pcmcat248700050021","name":"Housewares","createdAt":"2016-11-17T17:57:05.399Z","updatedAt":"2016-11-17T17:57:05.399Z"},{"id":"pcmcat303600050001","name":"Household Batteries","createdAt":"2016-11-17T17:57:04.285Z","updatedAt":"2016-11-17T17:57:04.285Z"},{"id":"pcmcat312300050015","name":"Connected Home & Housewares","createdAt":"2016-11-17T17:57:04.285Z","updatedAt":"2016-11-17T17:57:04.285Z"}]},{"id":48530,"name":"Duracell - AA 1.5V CopperTop Batteries (4-Pack)","type":"HardGood","price":5.49,"upc":"041333415017","shipping":0,"description":"Long-lasting energy; DURALOCK Power Preserve technology; for toys, clocks, radios, games, remotes, PDAs and more","manufacturer":"Duracell","model":"MN1500B4Z","url":"http://www.bestbuy.com/site/duracell-aa-1-5v-coppertop-batteries-4-pack/48530.p?id=1099385268988&skuId=48530&cmp=RMXCC","image":"http://img.bbystatic.com/BestBuy_US/images/products/4853/48530_sa.jpg","createdAt":"2016-11-17T17:58:03.298Z","updatedAt":"2016-11-17T17:58:03.298Z","categories":[{"id":"abcat0208002","name":"Alkaline Batteries","createdAt":"2016-11-17T17:57:04.285Z","updatedAt":"2016-11-17T17:57:04.285Z"},{"id":"pcmcat248700050021","name":"Housewares","createdAt":"2016-11-17T17:57:05.399Z","updatedAt":"2016-11-17T17:57:05.399Z"},{"id":"pcmcat303600050001","name":"Household Batteries","createdAt":"2016-11-17T17:57:04.285Z","updatedAt":"2016-11-17T17:57:04.285Z"},{"id":"pcmcat312300050015","name":"Connected Home & Housewares","createdAt":"2016-11-17T17:57:04.285Z","updatedAt":"2016-11-17T17:57:04.285Z"}]},{"id":127687,"name":"Duracell - AA Batteries (8-Pack)","type":"HardGood","price":7.49,"upc":"041333825014","shipping":0,"description":"Compatible with select electronic devices; AA size; DURALOCK Power Preserve technology; 8-pack","manufacturer":"Duracell","model":"MN1500B8Z","url":"http://www.bestbuy.com/site/duracell-aa-batteries-8-pack/127687.p?id=1051384045676&skuId=127687&cmp=RMXCC","image":"http://img.bbystatic.com/BestBuy_US/images/products/1276/127687_sa.jpg","createdAt":"2016-11-17T17:58:03.298Z","updatedAt":"2016-11-17T17:58:03.298Z","categories":[{"id":"abcat0208002","name":"Alkaline Batteries","createdAt":"2016-11-17T17:57:04.285Z","updatedAt":"2016-11-17T17:57:04.285Z"},{"id":"pcmcat248700050021","name":"Housewares","createdAt":"2016-11-17T17:57:05.399Z","updatedAt":"2016-11-17T17:57:05.399Z"},{"id":"pcmcat303600050001","name":"Household Batteries","createdAt":"2016-11-17T17:57:04.285Z","updatedAt":"2016-11-17T17:57:04.285Z"},{"id":"pcmcat312300050015","name":"Connected Home & Housewares","createdAt":"2016-11-17T17:57:04.285Z","updatedAt":"2016-11-17T17:57:04.285Z"}]},{"id":150115,"name":"Energizer - MAX Batteries AA (4-Pack)","type":"HardGood","price":4.99,"upc":"039800011329","shipping":0,"description":"4-pack AA alkaline batteries; battery tester included","manufacturer":"Energizer","model":"E91BP-4","url":"http://www.bestbuy.com/site/energizer-max-batteries-aa-4-pack/150115.p?id=1051384046217&skuId=150115&cmp=RMXCC","image":"http://img.bbystatic.com/BestBuy_US/images/products/1501/150115_sa.jpg","createdAt":"2016-11-17T17:58:03.298Z","updatedAt":"2016-11-17T17:58:03.298Z","categories":[{"id":"abcat0208002","name":"Alkaline Batteries","createdAt":"2016-11-17T17:57:04.285Z","updatedAt":"2016-11-17T17:57:04.285Z"},{"id":"pcmcat248700050021","name":"Housewares","createdAt":"2016-11-17T17:57:05.399Z","updatedAt":"2016-11-17T17:57:05.399Z"},{"id":"pcmcat303600050001","name":"Household Batteries","createdAt":"2016-11-17T17:57:04.285Z","updatedAt":"2016-11-17T17:57:04.285Z"},{"id":"pcmcat312300050015","name":"Connected Home & Housewares","createdAt":"2016-11-17T17:57:04.285Z","updatedAt":"2016-11-17T17:57:04.285Z"}]}]}
09:59:39.823 [pool-1-thread-1] DEBUG com.intuit.karate - response time in milliseconds: 3148
1 < 200
1 < X-Powered-By: Express
1 < Access-Control-Allow-Origin: *
1 < Allow: GET,POST,PUT,PATCH,DELETE
1 < Vary: Accept, Accept-Encoding
1 < Content-Type: application/json; charset=utf-8
1 < ETag: W/"2caa-wfQv3Ubglmo8opJr5GZcr4pkMpQ"
1 < Date: Fri, 03 Sep 2021 04:29:39 GMT
1 < Connection: keep-alive
1 < Transfer-Encoding: chunked
{"total":52230,"limit":10,"skip":0,"data":[{"id":43900,"name":"Duracell - AAA Batteries (4-Pack)","type":"HardGood","price":5.49,"upc":"041333424019","shipping":0,"description":"Compatible with select electronic devices; AAA size; DURALOCK Power Preserve technology; 4-pack","manufacturer":"Duracell","model":"MN2400B4Z","url":"http://www.bestbuy.com/site/duracell-aaa-batteries-4-pack/43900.p?id=1051384074145&skuId=43900&cmp=RMXCC","image":"http://img.bbystatic.com/BestBuy_US/images/products/4390/43900_sa.jpg","createdAt":"2016-11-17T17:58:03.298Z","updatedAt":"2016-11-17T17:58:03.298Z","categories":[{"id":"abcat0208002","name":"Alkaline Batteries","createdAt":"2016-11-17T17:57:04.285Z","updatedAt":"2016-11-17T17:57:04.285Z"},{"id":"pcmcat248700050021","name":"Housewares","createdAt":"2016-11-17T17:57:05.399Z","updatedAt":"2016-11-17T17:57:05.399Z"},{"id":"pcmcat303600050001","name":"Household Batteries","createdAt":"2016-11-17T17:57:04.285Z","updatedAt":"2016-11-17T17:57:04.285Z"},{"id":"pcmcat312300050015","name":"Connected Home & Housewares","createdAt":"2016-11-17T17:57:04.285Z","updatedAt":"2016-11-17T17:57:04.285Z"}]},{"id":48530,"name":"Duracell - AA 1.5V CopperTop Batteries (4-Pack)","type":"HardGood","price":5.49,"upc":"041333415017","shipping":0,"description":"Long-lasting energy; DURALOCK Power Preserve technology; for toys, clocks, radios, games, remotes, PDAs and more","manufacturer":"Duracell","model":"MN1500B4Z","url":"http://www.bestbuy.com/site/duracell-aa-1-5v-coppertop-batteries-4-pack/48530.p?id=1099385268988&skuId=48530&cmp=RMXCC","image":"http://img.bbystatic.com/BestBuy_US/images/products/4853/48530_sa.jpg","createdAt":"2016-11-17T17:58:03.298Z","updatedAt":"2016-11-17T17:58:03.298Z","categories":[{"id":"abcat0208002","name":"Alkaline Batteries","createdAt":"2016-11-17T17:57:04.285Z","updatedAt":"2016-11-17T17:57:04.285Z"},{"id":"pcmcat248700050021","name":"Housewares","createdAt":"2016-11-17T17:57:05.399Z","updatedAt":"2016-11-17T17:57:05.399Z"},{"id":"pcmcat303600050001","name":"Household Batteries","createdAt":"2016-11-17T17:57:04.285Z","updatedAt":"2016-11-17T17:57:04.285Z"},{"id":"pcmcat312300050015","name":"Connected Home & Housewares","createdAt":"2016-11-17T17:57:04.285Z","updatedAt":"2016-11-17T17:57:04.285Z"}]},{"id":127687,"name":"Duracell - AA Batteries (8-Pack)","type":"HardGood","price":7.49,"upc":"041333825014","shipping":0,"description":"Compatible with select electronic devices; AA size; DURALOCK Power Preserve technology; 8-pack","manufacturer":"Duracell","model":"MN1500B8Z","url":"http://www.bestbuy.com/site/duracell-aa-batteries-8-pack/127687.p?id=1051384045676&skuId=127687&cmp=RMXCC","image":"http://img.bbystatic.com/BestBuy_US/images/products/1276/127687_sa.jpg","createdAt":"2016-11-17T17:58:03.298Z","updatedAt":"2016-11-17T17:58:03.298Z","categories":[{"id":"abcat0208002","name":"Alkaline Batteries","createdAt":"2016-11-17T17:57:04.285Z","updatedAt":"2016-11-17T17:57:04.285Z"},{"id":"pcmcat248700050021","name":"Housewares","createdAt":"2016-11-17T17:57:05.399Z","updatedAt":"2016-11-17T17:57:05.399Z"},{"id":"pcmcat303600050001","name":"Household Batteries","createdAt":"2016-11-17T17:57:04.285Z","updatedAt":"2016-11-17T17:57:04.285Z"},{"id":"pcmcat312300050015","name":"Connected Home & Housewares","createdAt":"2016-11-17T17:57:04.285Z","updatedAt":"2016-11-17T17:57:04.285Z"}]},{"id":150115,"name":"Energizer - MAX Batteries AA (4-Pack)","type":"HardGood","price":4.99,"upc":"039800011329","shipping":0,"description":"4-pack AA alkaline batteries; battery tester included","manufacturer":"Energizer","model":"E91BP-4","url":"http://www.bestbuy.com/site/energizer-max-batteries-aa-4-pack/150115.p?id=1051384046217&skuId=150115&cmp=RMXCC","image":"http://img.bbystatic.com/BestBuy_US/images/products/1501/150115_sa.jpg","createdAt":"2016-11-17T17:58:03.298Z","updatedAt":"2016-11-17T17:58:03.298Z","categories":[{"id":"abcat0208002","name":"Alkaline Batteries","createdAt":"2016-11-17T17:57:04.285Z","updatedAt":"2016-11-17T17:57:04.285Z"},{"id":"pcmcat248700050021","name":"Housewares","createdAt":"2016-11-17T17:57:05.399Z","updatedAt":"2016-11-17T17:57:05.399Z"},{"id":"pcmcat303600050001","name":"Household Batteries","createdAt":"2016-11-17T17:57:04.285Z","updatedAt":"2016-11-17T17:57:04.285Z"},{"id":"pcmcat312300050015","name":"Connected Home & Housewares","createdAt":"2016-11-17T17:57:04.285Z","updatedAt":"2016-11-17T17:57:04.285Z"}]},{"id":185230,"name":"Duracell - C Batteries (4-Pack)","type":"HardGood","price":8.99,"upc":"041333440019","shipping":0,"description":"Compatible with select electronic devices; C size; DURALOCK Power Preserve technology; 4-pack","manufacturer":"Duracell","model":"MN1400R4Z","url":"http://www.bestbuy.com/site/duracell-c-batteries-4-pack/185230.p?id=1051384046486&skuId=185230&cmp=RMXCC","image":"http://img.bbystatic.com/BestBuy_US/images/products/1852/185230_sa.jpg","createdAt":"2016-11-17T17:58:03.298Z","updatedAt":"2016-11-17T17:58:03.298Z","categories":[{"id":"abcat0208002","name":"Alkaline Batteries","createdAt":"2016-11-17T17:57:04.285Z","updatedAt":"2016-11-17T17:57:04.285Z"},{"id":"pcmcat248700050021","name":"Housewares","createdAt":"2016-11-17T17:57:05.399Z","updatedAt":"2016-11-17T17:57:05.399Z"},{"id":"pcmcat303600050001","name":"Household Batteries","createdAt":"2016-11-17T17:57:04.285Z","updatedAt":"2016-11-17T17:57:04.285Z"},{"id":"pcmcat312300050015","name":"Connected Home & Housewares","createdAt":"2016-11-17T17:57:04.285Z","updatedAt":"2016-11-17T17:57:04.285Z"}]},{"id":185267,"name":"Duracell - D Batteries (4-Pack)","type":"HardGood","price":9.99,"upc":"041333430010","shipping":0,"description":"Compatible with select electronic devices; D size; DURALOCK Power Preserve technology; 4-pack","manufacturer":"Duracell","model":"MN1300R4Z","url":"http://www.bestbuy.com/site/duracell-d-batteries-4-pack/185267.p?id=1051384046551&skuId=185267&cmp=RMXCC","image":"http://img.bbystatic.com/BestBuy_US/images/products/1852/185267_sa.jpg","createdAt":"2016-11-17T17:58:03.298Z","updatedAt":"2016-11-17T17:58:03.298Z","categories":[{"id":"abcat0208002","name":"Alkaline Batteries","createdAt":"2016-11-17T17:57:04.285Z","updatedAt":"2016-11-17T17:57:04.285Z"},{"id":"pcmcat248700050021","name":"Housewares","createdAt":"2016-11-17T17:57:05.399Z","updatedAt":"2016-11-17T17:57:05.399Z"},{"id":"pcmcat303600050001","name":"Household Batteries","createdAt":"2016-11-17T17:57:04.285Z","updatedAt":"2016-11-17T17:57:04.285Z"},{"id":"pcmcat312300050015","name":"Connected Home & Housewares","createdAt":"2016-11-17T17:57:04.285Z","updatedAt":"2016-11-17T17:57:04.285Z"}]},{"id":309062,"name":"Pioneer - 4\" 3-Way Surface-Mount Speakers with IMPP Composite Cones (Pair) - Black","type":"HardGood","price":144.99,"upc":"012562165141","shipping":0,"description":"80W maximum power (20W RMS); 4\" IMPP composite cone woofer; 3/4\" horn tweeter","manufacturer":"Pioneer","model":"TS-X200","url":"http://www.bestbuy.com/site/pioneer-4-3-way-surface-mount-speakers-with-impp-composite-cones-pair-black/309062.p?id=1218643240258&skuId=309062&cmp=RMXCC","image":"http://img.bbystatic.com/BestBuy_US/images/products/0309/0309062_sa.jpg","createdAt":"2016-11-17T17:58:03.298Z","updatedAt":"2016-11-17T17:58:03.298Z","categories":[{"id":"abcat0300000","name":"Car Electronics & GPS","createdAt":"2016-11-17T17:57:04.285Z","updatedAt":"2016-11-17T17:57:04.285Z"},{"id":"abcat0302000","name":"Car Audio","createdAt":"2016-11-17T17:57:04.285Z","updatedAt":"2016-11-17T17:57:04.285Z"},{"id":"abcat0302005","name":"Car Speakers","createdAt":"2016-11-17T17:57:04.285Z","updatedAt":"2016-11-17T17:57:04.285Z"},{"id":"pcmcat360500050015","name":"4\" Car Speakers","createdAt":"2016-11-17T17:57:04.643Z","updatedAt":"2016-11-17T17:57:04.643Z"}]},{"id":312290,"name":"Duracell - 9V Batteries (2-Pack)","type":"HardGood","price":7.99,"upc":"041333216010","shipping":0,"description":"Compatible with select electronic devices; alkaline chemistry; 9V size; DURALOCK Power Preserve technology; 2-pack","manufacturer":"Duracell","model":"MN1604B2Z","url":"http://www.bestbuy.com/site/duracell-9v-batteries-2-pack/312290.p?id=1051384050321&skuId=312290&cmp=RMXCC","image":"http://img.bbystatic.com/BestBuy_US/images/products/3122/312290_sa.jpg","createdAt":"2016-11-17T17:58:03.298Z","updatedAt":"2016-11-17T17:58:03.298Z","categories":[{"id":"abcat0208002","name":"Alkaline Batteries","createdAt":"2016-11-17T17:57:04.285Z","updatedAt":"2016-11-17T17:57:04.285Z"},{"id":"pcmcat248700050021","name":"Housewares","createdAt":"2016-11-17T17:57:05.399Z","updatedAt":"2016-11-17T17:57:05.399Z"},{"id":"pcmcat303600050001","name":"Household Batteries","createdAt":"2016-11-17T17:57:04.285Z","updatedAt":"2016-11-17T17:57:04.285Z"},{"id":"pcmcat312300050015","name":"Connected Home & Housewares","createdAt":"2016-11-17T17:57:04.285Z","updatedAt":"2016-11-17T17:57:04.285Z"}]},{"id":333179,"name":"Energizer - N Cell E90 Batteries (2-Pack)","type":"HardGood","price":5.99,"upc":"039800013200","shipping":0,"description":"Alkaline batteries; 1.5V","manufacturer":"Energizer","model":"E90BP-2","url":"http://www.bestbuy.com/site/energizer-n-cell-e90-batteries-2-pack/333179.p?id=1185268509951&skuId=333179&cmp=RMXCC","image":"http://img.bbystatic.com/BestBuy_US/images/products/3331/333179_sa.jpg","createdAt":"2016-11-17T17:58:03.298Z","updatedAt":"2016-11-17T17:58:03.298Z","categories":[{"id":"abcat0208006","name":"Specialty Batteries","createdAt":"2016-11-17T17:57:04.285Z","updatedAt":"2016-11-17T17:57:04.285Z"},{"id":"pcmcat248700050021","name":"Housewares","createdAt":"2016-11-17T17:57:05.399Z","updatedAt":"2016-11-17T17:57:05.399Z"},{"id":"pcmcat303600050001","name":"Household Batteries","createdAt":"2016-11-17T17:57:04.285Z","updatedAt":"2016-11-17T17:57:04.285Z"},{"id":"pcmcat312300050015","name":"Connected Home & Housewares","createdAt":"2016-11-17T17:57:04.285Z","updatedAt":"2016-11-17T17:57:04.285Z"}]},{"id":346575,"name":"Metra - Radio Installation Dash Kit for Most 1989-2000 Ford, Lincoln & Mercury Vehicles - Black","type":"HardGood","price":16.99,"upc":"086429002757","shipping":0,"description":"From our expanded online assortment; compatible with most 1989-2000 Ford, Lincoln and Mercury vehicles; snap-in TurboKit offers fast installation; spacer/trim ring; rear support bracket","manufacturer":"Metra","model":"99-5512","url":"http://www.bestbuy.com/site/metra-radio-installation-dash-kit-for-most-1989-2000-ford-lincoln-mercury-vehicles-black/346575.p?id=1218118704590&skuId=346575&cmp=RMXCC","image":"http://img.bbystatic.com/BestBuy_US/images/products/3465/346575_rc.jpg","createdAt":"2016-11-17T17:58:03.298Z","updatedAt":"2016-11-17T17:58:03.298Z","categories":[{"id":"abcat0300000","name":"Car Electronics & GPS","createdAt":"2016-11-17T17:57:04.285Z","updatedAt":"2016-11-17T17:57:04.285Z"},{"id":"pcmcat165900050023","name":"Car Installation Parts & Accessories","createdAt":"2016-11-17T17:57:05.399Z","updatedAt":"2016-11-17T17:57:05.399Z"},{"id":"pcmcat165900050031","name":"Deck Installation Parts","createdAt":"2016-11-17T17:57:05.399Z","updatedAt":"2016-11-17T17:57:05.399Z"},{"id":"pcmcat165900050033","name":"Dash Installation Kits","createdAt":"2016-11-17T17:57:05.399Z","updatedAt":"2016-11-17T17:57:05.399Z"},{"id":"pcmcat331600050007","name":"Car Audio Installation Parts","createdAt":"2016-11-17T17:57:04.643Z","updatedAt":"2016-11-17T17:57:04.643Z"}]}]}
09:59:39.860 [pool-1-thread-2] INFO  com.intuit.karate - karate.env system property was: null 
09:59:39.868 [pool-1-thread-2] DEBUG c.intuit.karate.core.ScenarioEngine - over-writing existing variable 'testData' with new value: read("../testData/testData.csv")
09:59:39.880 [pool-1-thread-2] DEBUG com.intuit.karate - request:
1 > POST http://localhost:3030/products
1 > Content-Type: application/json; charset=UTF-8
1 > Content-Length: 217
1 > Host: localhost:3030
1 > Connection: Keep-Alive
1 > User-Agent: Apache-HttpClient/4.5.13 (Java/1.8.0_261)
1 > Accept-Encoding: gzip,deflate
{"name":"IPhone","type":"Mobile","price":3000,"shipping":50,"upc":"dhsfjsdgf sdgfhsgdf kdsgfdshsdf ","description":"Samsung Mobile 53","manufacturer":"Samsung","model":"S53","url":"https:\/\/abc.com","image":"string"}

09:59:39.888 [pool-1-thread-4] DEBUG com.intuit.karate - response time in milliseconds: 159
2 < 200
2 < X-Powered-By: Express
2 < Access-Control-Allow-Origin: *
2 < Allow: GET,POST,PUT,PATCH,DELETE
2 < Vary: Accept, Accept-Encoding
2 < Content-Type: application/json; charset=utf-8
2 < Content-Length: 294
2 < ETag: W/"126-tgIpowZiZ1AogX9/IP7PGqKLeQA"
2 < Date: Fri, 03 Sep 2021 04:29:39 GMT
2 < Connection: keep-alive
{"id":9999960,"name":"Iphone","type":"Mobile","price":3000,"upc":"Best","shipping":50,"description":"Samsung Mobile 53","manufacturer":"Samsung","model":"S53","url":"https://abc.com","image":"string","createdAt":"2021-09-03T04:29:39.545Z","updatedAt":"2021-09-03T04:29:39.545Z","categories":[]}
09:59:39.904 [pool-1-thread-1] INFO  com.intuit.karate - karate.env system property was: null 
09:59:39.905 [pool-1-thread-4] INFO  com.intuit.karate - karate.env system property was: null 
09:59:39.910 [pool-1-thread-4] DEBUG c.intuit.karate.core.ScenarioEngine - over-writing existing variable 'testData' with new value: read("../testData/testData.csv")
09:59:39.916 [pool-1-thread-1] DEBUG c.intuit.karate.core.ScenarioEngine - over-writing existing variable 'testData' with new value: read("../testData/testData.csv")
09:59:39.918 [pool-1-thread-4] DEBUG com.intuit.karate - request:
1 > POST http://localhost:3030/products
1 > Content-Type: application/json; charset=UTF-8
1 > Content-Length: 196
1 > Host: localhost:3030
1 > Connection: Keep-Alive
1 > User-Agent: Apache-HttpClient/4.5.13 (Java/1.8.0_261)
1 > Accept-Encoding: gzip,deflate
{"name":"Samsung Mobile","type":"Mobile","price":3000,"shipping":50,"upc":"ABC","description":"Samsung Mobile 53","manufacturer":"Samsung","model":"S53","url":"https:\/\/abc.com","image":"string"}

09:59:39.929 [pool-1-thread-1] DEBUG com.intuit.karate - request:
1 > POST http://localhost:3030/products
1 > Content-Type: application/json; charset=UTF-8
1 > Content-Length: 188
1 > Host: localhost:3030
1 > Connection: Keep-Alive
1 > User-Agent: Apache-HttpClient/4.5.13 (Java/1.8.0_261)
1 > Accept-Encoding: gzip,deflate
{"name":"Iphone","type":"Mobile","price":3000,"shipping":50,"upc":"BCD","description":"Samsung Mobile 53","manufacturer":"Samsung","model":"S53","url":"https:\/\/abc.com","image":"string"}

09:59:39.947 [pool-1-thread-2] DEBUG com.intuit.karate - response time in milliseconds: 66
1 < 400
1 < X-Powered-By: Express
1 < Access-Control-Allow-Origin: *
1 < Allow: GET,POST,PUT,PATCH,DELETE
1 < Content-Type: application/json; charset=utf-8
1 < Content-Length: 158
1 < ETag: W/"9e-YVgvNVa8nKanMADz5xfoFqZZN3w"
1 < Vary: Accept-Encoding
1 < Date: Fri, 03 Sep 2021 04:29:39 GMT
1 < Connection: keep-alive
{"name":"BadRequest","message":"Invalid Parameters","code":400,"className":"bad-request","data":{},"errors":["'upc' should NOT be longer than 15 characters"]}
09:59:39.953 [pool-1-thread-2] ERROR com.intuit.karate - classpath:bestBuy/product/productApiTest.feature:129
Then match response.name == "IPhone"
match failed: EQUALS
  $ | not equal (STRING:STRING)
  'BadRequest'
  'IPhone'

classpath:bestBuy/product/productApiTest.feature:129
09:59:39.966 [pool-1-thread-2] INFO  com.intuit.karate - karate.env system property was: null 
09:59:39.972 [pool-1-thread-2] DEBUG c.intuit.karate.core.ScenarioEngine - over-writing existing variable 'testData' with new value: read("../testData/testData.csv")
09:59:39.982 [pool-1-thread-2] DEBUG com.intuit.karate - request:
1 > POST http://localhost:3030/products
1 > Content-Type: application/json; charset=UTF-8
1 > Content-Length: 217
1 > Host: localhost:3030
1 > Connection: Keep-Alive
1 > User-Agent: Apache-HttpClient/4.5.13 (Java/1.8.0_261)
1 > Accept-Encoding: gzip,deflate
{"name":"IPhone","type":"Mobile","price":3000,"shipping":50,"upc":"dhsfjsdgf sdgfhsgdf kdsgfdshsdf ","description":"Samsung Mobile 53","manufacturer":"Samsung","model":"S53","url":"https:\/\/abc.com","image":"string"}

09:59:40.038 [pool-1-thread-5] DEBUG com.intuit.karate - response time in milliseconds: 281
1 < 201
1 < X-Powered-By: Express
1 < Access-Control-Allow-Origin: *
1 < Allow: GET,POST,PUT,PATCH,DELETE
1 < Vary: Accept, Accept-Encoding
1 < Content-Type: application/json; charset=utf-8
1 < Content-Length: 277
1 < ETag: W/"115-6SgmHt6tYS0Ids99FK+LdDfiDJc"
1 < Date: Fri, 03 Sep 2021 04:29:40 GMT
1 < Connection: keep-alive
{"id":9999962,"name":"Iphone","type":"Mobile","price":3000,"shipping":50,"upc":"BCD","description":"Samsung Mobile 53","manufacturer":"Samsung","model":"S53","url":"https://abc.com","image":"string","updatedAt":"2021-09-03T04:29:39.799Z","createdAt":"2021-09-03T04:29:39.799Z"}
09:59:40.053 [pool-1-thread-5] INFO  com.intuit.karate - karate.env system property was: null 
09:59:40.056 [pool-1-thread-5] DEBUG c.intuit.karate.core.ScenarioEngine - over-writing existing variable 'testData' with new value: read("../testData/testData.csv")
09:59:40.064 [pool-1-thread-5] DEBUG com.intuit.karate - request:
1 > POST http://localhost:3030/products
1 > Content-Type: application/json; charset=UTF-8
1 > Content-Length: 188
1 > Host: localhost:3030
1 > Connection: Keep-Alive
1 > User-Agent: Apache-HttpClient/4.5.13 (Java/1.8.0_261)
1 > Accept-Encoding: gzip,deflate
{"name":"Iphone","type":"Mobile","price":3000,"shipping":50,"upc":"BCD","description":"Samsung Mobile 53","manufacturer":"Samsung","model":"S53","url":"https:\/\/abc.com","image":"string"}

09:59:40.095 [pool-1-thread-2] DEBUG com.intuit.karate - response time in milliseconds: 112
1 < 400
1 < X-Powered-By: Express
1 < Access-Control-Allow-Origin: *
1 < Allow: GET,POST,PUT,PATCH,DELETE
1 < Content-Type: application/json; charset=utf-8
1 < Content-Length: 158
1 < ETag: W/"9e-YVgvNVa8nKanMADz5xfoFqZZN3w"
1 < Vary: Accept-Encoding
1 < Date: Fri, 03 Sep 2021 04:29:40 GMT
1 < Connection: keep-alive
{"name":"BadRequest","message":"Invalid Parameters","code":400,"className":"bad-request","data":{},"errors":["'upc' should NOT be longer than 15 characters"]}
09:59:40.100 [pool-1-thread-2] ERROR com.intuit.karate - classpath:bestBuy/product/productApiTest.feature:152
Then match response.name == "IPhone"
match failed: EQUALS
  $ | not equal (STRING:STRING)
  'BadRequest'
  'IPhone'

classpath:bestBuy/product/productApiTest.feature:152
09:59:40.122 [pool-1-thread-3] DEBUG com.intuit.karate - response time in milliseconds: 356
1 < 201
1 < X-Powered-By: Express
1 < Access-Control-Allow-Origin: *
1 < Allow: GET,POST,PUT,PATCH,DELETE
1 < Vary: Accept, Accept-Encoding
1 < Content-Type: application/json; charset=utf-8
1 < Content-Length: 285
1 < ETag: W/"11d-qHtvOQEF3z7NHeOfiklS1E0Hy/Y"
1 < Date: Fri, 03 Sep 2021 04:29:40 GMT
1 < Connection: keep-alive
{"id":9999963,"name":"Samsung Mobile","type":"Mobile","price":3000,"shipping":50,"upc":"ABC","description":"Samsung Mobile 53","manufacturer":"Samsung","model":"S53","url":"https://abc.com","image":"string","updatedAt":"2021-09-03T04:29:39.818Z","createdAt":"2021-09-03T04:29:39.818Z"}
09:59:40.166 [pool-1-thread-4] DEBUG com.intuit.karate - response time in milliseconds: 247
1 < 201
1 < X-Powered-By: Express
1 < Access-Control-Allow-Origin: *
1 < Allow: GET,POST,PUT,PATCH,DELETE
1 < Vary: Accept, Accept-Encoding
1 < Content-Type: application/json; charset=utf-8
1 < Content-Length: 285
1 < ETag: W/"11d-3/0zTQGi1efduHima2VBy2+HiG0"
1 < Date: Fri, 03 Sep 2021 04:29:40 GMT
1 < Connection: keep-alive
{"id":9999964,"name":"Samsung Mobile","type":"Mobile","price":3000,"shipping":50,"upc":"ABC","description":"Samsung Mobile 53","manufacturer":"Samsung","model":"S53","url":"https://abc.com","image":"string","updatedAt":"2021-09-03T04:29:39.978Z","createdAt":"2021-09-03T04:29:39.978Z"}
09:59:40.208 [pool-1-thread-1] DEBUG com.intuit.karate - response time in milliseconds: 279
1 < 201
1 < X-Powered-By: Express
1 < Access-Control-Allow-Origin: *
1 < Allow: GET,POST,PUT,PATCH,DELETE
1 < Vary: Accept, Accept-Encoding
1 < Content-Type: application/json; charset=utf-8
1 < Content-Length: 277
1 < ETag: W/"115-vHLJho0sUQagpx7xzqQb9jGEU50"
1 < Date: Fri, 03 Sep 2021 04:29:40 GMT
1 < Connection: keep-alive
{"id":9999965,"name":"Iphone","type":"Mobile","price":3000,"shipping":50,"upc":"BCD","description":"Samsung Mobile 53","manufacturer":"Samsung","model":"S53","url":"https://abc.com","image":"string","updatedAt":"2021-09-03T04:29:39.994Z","createdAt":"2021-09-03T04:29:39.994Z"}
09:59:40.242 [pool-1-thread-5] DEBUG com.intuit.karate - response time in milliseconds: 177
1 < 201
1 < X-Powered-By: Express
1 < Access-Control-Allow-Origin: *
1 < Allow: GET,POST,PUT,PATCH,DELETE
1 < Vary: Accept, Accept-Encoding
1 < Content-Type: application/json; charset=utf-8
1 < Content-Length: 277
1 < ETag: W/"115-Rt+Pm1XOYDJVyLiCiUPC1ZHhkDg"
1 < Date: Fri, 03 Sep 2021 04:29:40 GMT
1 < Connection: keep-alive
{"id":9999966,"name":"Iphone","type":"Mobile","price":3000,"shipping":50,"upc":"BCD","description":"Samsung Mobile 53","manufacturer":"Samsung","model":"S53","url":"https://abc.com","image":"string","updatedAt":"2021-09-03T04:29:40.111Z","createdAt":"2021-09-03T04:29:40.111Z"}
---------------------------------------------------------
feature: classpath:bestBuy/product/productApiTest.feature
scenarios: 15 | passed: 12 | failed:  3 | time: 25.4887
---------------------------------------------------------

09:59:42.491 [pool-2-thread-1] INFO  com.intuit.karate.Suite - <<fail>> feature 1 of 1 (0 remaining) classpath:bestBuy/product/productApiTest.feature
Karate version: 1.1.0
======================================================
elapsed:  12.01 | threads:    5 | thread time: 25.49 
features:     1 | skipped:    0 | efficiency: 0.42
scenarios:   15 | passed:    12 | failed: 3
======================================================
>>> failed features:
match failed: EQUALS
  $ | not equal (STRING:STRING)
  'BadRequest'
  'IPhone'

classpath:bestBuy/product/productApiTest.feature:103
match failed: EQUALS
  $ | not equal (STRING:STRING)
  'BadRequest'
  'IPhone'

classpath:bestBuy/product/productApiTest.feature:129
match failed: EQUALS
  $ | not equal (STRING:STRING)
  'BadRequest'
  'IPhone'

classpath:bestBuy/product/productApiTest.feature:152
<<<

HTML report: (paste into browser to view) | Karate version: 1.1.0
file:///C:/Users/SAURABH/eclipse-workspace-new/LearningKarate/target/karate-reports/karate-summary.html
===================================================================

]]></system-out>
  </testcase>
</testsuite>